\BOOKMARK [0][-]{chapter.1}{\376\377\000E\000i\000n\000l\000e\000i\000t\000u\000n\000g\000\040\000u\000n\000d\000\040\000P\000r\000o\000b\000l\000e\000m\000s\000t\000e\000l\000l\000u\000n\000g}{}% 1
\BOOKMARK [1][-]{section.1.1}{\376\377\000\334\000b\000e\000r\000b\000l\000i\000c\000k}{chapter.1}% 2
\BOOKMARK [1][-]{section.1.2}{\376\377\000G\000l\000o\000b\000a\000l\000e\000\040\000A\000n\000f\000o\000r\000d\000e\000r\000u\000n\000g\000e\000n}{chapter.1}% 3
\BOOKMARK [2][-]{subsection.1.2.1}{\376\377\000F\000u\000n\000k\000t\000i\000o\000n\000a\000l\000e\000\040\000A\000n\000f\000o\000r\000d\000e\000r\000u\000n\000g\000e\000n}{section.1.2}% 4
\BOOKMARK [2][-]{subsection.1.2.2}{\376\377\000N\000i\000c\000h\000\040\000-\000f\000u\000n\000k\000t\000i\000o\000n\000a\000l\000e\000\040\000A\000n\000f\000o\000r\000d\000e\000r\000u\000n\000g\000e\000n}{section.1.2}% 5
\BOOKMARK [2][-]{subsection.1.2.3}{\376\377\000T\000e\000c\000h\000n\000i\000s\000c\000h\000e\000\040\000A\000n\000f\000o\000r\000d\000e\000r\000u\000n\000g\000e\000n}{section.1.2}% 6
\BOOKMARK [0][-]{chapter.2}{\376\377\000M\000e\000t\000h\000o\000d\000o\000l\000o\000g\000i\000e\000\040\000u\000n\000d\000\040\000S\000y\000s\000t\000e\000m\000e\000n\000t\000w\000u\000r\000f\000\040}{}% 7
\BOOKMARK [1][-]{section.2.1}{\376\377\000E\000n\000t\000w\000u\000r\000f\000\040\000u\000n\000d\000\040\000K\000o\000n\000z\000e\000p\000t\000i\000o\000n}{chapter.2}% 8
\BOOKMARK [2][-]{subsection.2.1.1}{\376\377\000U\000M\000L}{section.2.1}% 9
\BOOKMARK [2][-]{subsection.2.1.2}{\376\377\000K\000l\000a\000s\000s\000e\000n\000d\000i\000a\000g\000r\000a\000m\000m}{section.2.1}% 10
\BOOKMARK [2][-]{subsection.2.1.3}{\376\377\000S\000e\000q\000u\000e\000n\000z\000d\000i\000a\000g\000r\000a\000m\000m}{section.2.1}% 11
\BOOKMARK [1][-]{section.2.2}{\376\377\000F\000r\000o\000n\000t\000-\000E\000n\000d\000\040\000T\000e\000c\000h\000n\000o\000l\000o\000g\000i\000e\000n}{chapter.2}% 12
\BOOKMARK [2][-]{subsection.2.2.1}{\376\377\000H\000T\000M\000L\000/\000C\000S\000S}{section.2.2}% 13
\BOOKMARK [2][-]{subsection.2.2.2}{\376\377\000T\000y\000p\000e\000s\000c\000r\000i\000p\000t}{section.2.2}% 14
\BOOKMARK [2][-]{subsection.2.2.3}{\376\377\000A\000n\000g\000u\000l\000a\000r}{section.2.2}% 15
\BOOKMARK [1][-]{section.2.3}{\376\377\000B\000a\000c\000k\000-\000E\000n\000d\000\040\000T\000e\000c\000h\000n\000o\000l\000o\000g\000i\000e\000n}{chapter.2}% 16
\BOOKMARK [2][-]{subsection.2.3.1}{\376\377\000J\000a\000v\000a}{section.2.3}% 17
\BOOKMARK [2][-]{subsection.2.3.2}{\376\377\000R\000E\000S\000T\000-\000A\000P\000I}{section.2.3}% 18
\BOOKMARK [2][-]{subsection.2.3.3}{\376\377\000H\000T\000T\000P\000S\000\040\000u\000n\000d\000\040\000S\000S\000L\000/\000T\000L\000S}{section.2.3}% 19
\BOOKMARK [2][-]{subsection.2.3.4}{\376\377\000S\000p\000r\000i\000n\000g\000\040\000B\000o\000o\000t}{section.2.3}% 20
\BOOKMARK [2][-]{subsection.2.3.5}{\376\377\000S\000t\000r\000i\000p\000e\000\040\000A\000P\000I}{section.2.3}% 21
\BOOKMARK [1][-]{section.2.4}{\376\377\000D\000a\000t\000e\000n\000b\000a\000n\000k\000s\000t\000r\000u\000k\000t\000u\000r}{chapter.2}% 22
\BOOKMARK [2][-]{subsection.2.4.1}{\376\377\000\334\000b\000e\000r\000s\000i\000c\000h\000t\000\040\000\374\000b\000e\000r\000\040\000r\000e\000l\000a\000t\000i\000o\000n\000a\000l\000e\000\040\000D\000a\000t\000e\000n\000b\000a\000n\000k\000e\000n\000\040\000u\000n\000d\000\040\000A\000u\000s\000w\000a\000h\000l\000\040\000v\000o\000n\000\040\000M\000y\000S\000Q\000L}{section.2.4}% 23
\BOOKMARK [2][-]{subsection.2.4.2}{\376\377\000D\000a\000t\000e\000n\000b\000a\000n\000k\000s\000c\000h\000e\000m\000a\000e\000n\000t\000w\000u\000r\000f\000\040\000m\000i\000t\000\040\000S\000p\000r\000i\000n\000g\000\040\000D\000a\000t\000a\000\040\000J\000P\000A}{section.2.4}% 24
\BOOKMARK [2][-]{subsection.2.4.3}{\376\377\000D\000a\000t\000e\000n\000p\000e\000r\000s\000i\000s\000t\000e\000n\000z\000\040\000u\000n\000d\000\040\000T\000r\000a\000n\000s\000a\000k\000t\000i\000o\000n\000e\000n}{section.2.4}% 25
\BOOKMARK [2][-]{subsection.2.4.4}{\376\377\000M\000y\000S\000Q\000L\000-\000W\000o\000r\000k\000b\000e\000n\000c\000h\000\040\000u\000n\000d\000\040\000S\000Q\000L}{section.2.4}% 26
\BOOKMARK [2][-]{subsection.2.4.5}{\376\377\000D\000a\000t\000e\000n\000b\000a\000n\000k\000v\000e\000r\000b\000i\000n\000d\000u\000n\000g\000\040\000u\000n\000d\000\040\000-\000k\000o\000n\000f\000i\000g\000u\000r\000a\000t\000i\000o\000n\000\040\000i\000n\000\040\000S\000p\000r\000i\000n\000g\000\040\000B\000o\000o\000t}{section.2.4}% 27
\BOOKMARK [1][-]{section.2.5}{\376\377\000A\000u\000t\000h\000e\000n\000t\000i\000f\000i\000z\000i\000e\000r\000u\000n\000g\000s\000-\000\040\000u\000n\000d\000\040\000A\000u\000t\000o\000r\000i\000s\000i\000e\000r\000u\000n\000g\000s\000p\000r\000o\000t\000o\000k\000o\000l\000l\000e}{chapter.2}% 28
\BOOKMARK [2][-]{subsection.2.5.1}{\376\377\000O\000k\000t\000a}{section.2.5}% 29
\BOOKMARK [2][-]{subsection.2.5.2}{\376\377\000J\000W\000T}{section.2.5}% 30
\BOOKMARK [2][-]{subsection.2.5.3}{\376\377\000O\000A\000u\000t\000h\0002}{section.2.5}% 31
\BOOKMARK [2][-]{subsection.2.5.4}{\376\377\000O\000p\000e\000n\000I\000D\000\040\000C\000o\000n\000n\000e\000c\000t}{section.2.5}% 32
\BOOKMARK [1][-]{section.2.6}{\376\377\000E\000n\000t\000w\000i\000c\000k\000l\000u\000n\000g\000s\000u\000m\000g\000e\000b\000u\000n\000g\000\040\000u\000n\000d\000\040\000V\000e\000r\000s\000i\000o\000n\000s\000k\000o\000n\000t\000r\000o\000l\000l\000e}{chapter.2}% 33
\BOOKMARK [2][-]{subsection.2.6.1}{\376\377\000E\000n\000t\000w\000i\000c\000k\000l\000u\000n\000g\000s\000u\000m\000g\000e\000b\000u\000n\000g}{section.2.6}% 34
\BOOKMARK [2][-]{subsection.2.6.2}{\376\377\000V\000e\000r\000s\000i\000o\000n\000s\000k\000o\000n\000t\000r\000o\000l\000l\000e}{section.2.6}% 35
\BOOKMARK [0][-]{chapter.3}{\376\377\000I\000m\000p\000l\000e\000m\000e\000n\000t\000i\000e\000r\000u\000n\000g}{}% 36
\BOOKMARK [1][-]{section.3.1}{\376\377\000S\000t\000a\000r\000t\000s\000e\000i\000t\000e}{chapter.3}% 37
\BOOKMARK [2][-]{subsection.3.1.1}{\376\377\000h\000e\000a\000d\000e\000r}{section.3.1}% 38
\BOOKMARK [2][-]{subsection.3.1.2}{\376\377\000M\000e\000n\000u}{section.3.1}% 39
\BOOKMARK [1][-]{section.3.2}{\376\377\000O\000n\000l\000i\000n\000e\000-\000S\000h\000o\000p\000p\000i\000n\000g}{chapter.3}% 40
\BOOKMARK [2][-]{subsection.3.2.1}{\376\377\000D\000a\000r\000s\000t\000e\000l\000l\000u\000n\000g\000\040\000v\000o\000n\000\040\000P\000r\000o\000d\000u\000k\000t\000e\000n\000\040\000a\000u\000f\000\040\000d\000e\000r\000\040\000P\000r\000o\000d\000u\000k\000t\000s\000e\000i\000t\000e}{section.3.2}% 41
\BOOKMARK [2][-]{subsection.3.2.2}{\376\377\000A\000u\000s\000w\000a\000h\000l\000\040\000u\000n\000d\000\040\000H\000i\000n\000z\000u\000f\000\374\000g\000e\000n\000\040\000v\000o\000n\000\040\000P\000r\000o\000d\000u\000k\000t\000e\000n\000\040\000z\000u\000m\000\040\000W\000a\000r\000e\000n\000k\000o\000r\000b}{section.3.2}% 42
\BOOKMARK [2][-]{subsection.3.2.3}{\376\377\000W\000a\000r\000e\000n\000k\000o\000r\000b\000v\000e\000r\000w\000a\000l\000t\000u\000n\000g}{section.3.2}% 43
\BOOKMARK [2][-]{subsection.3.2.4}{\376\377\000P\000a\000g\000i\000n\000i\000e\000r\000u\000n\000g\000\040\000u\000n\000d\000\040\000S\000u\000c\000h\000f\000u\000n\000k\000t\000i\000o\000n\000a\000l\000i\000t\000\344\000t}{section.3.2}% 44
\BOOKMARK [1][-]{section.3.3}{\376\377\000B\000e\000z\000a\000h\000l\000p\000r\000o\000z\000e\000s\000s}{chapter.3}% 45
\BOOKMARK [2][-]{subsection.3.3.1}{\376\377\000F\000r\000o\000n\000t\000e\000n\000d}{section.3.3}% 46
\BOOKMARK [2][-]{subsection.3.3.2}{\376\377\000B\000a\000c\000k\000e\000n\000d}{section.3.3}% 47
\BOOKMARK [0][-]{chapter.4}{\376\377\000E\000r\000g\000e\000b\000n\000i\000s\000s\000e\000\040\000u\000n\000d\000\040\000A\000n\000a\000l\000y\000s\000e}{}% 48
\BOOKMARK [1][-]{section.4.1}{\376\377\000S\000t\000a\000r\000t\000s\000e\000i\000t\000e}{chapter.4}% 49
\BOOKMARK [2][-]{subsection.4.1.1}{\376\377\000L\000i\000n\000k\000e\000\040\000S\000e\000i\000t\000e}{section.4.1}% 50
\BOOKMARK [2][-]{subsection.4.1.2}{\376\377\000H\000e\000a\000d\000e\000r}{section.4.1}% 51
\BOOKMARK [2][-]{subsection.4.1.3}{\376\377\000H\000a\000u\000p\000t\000i\000n\000h\000a\000l\000t}{section.4.1}% 52
\BOOKMARK [2][-]{subsection.4.1.4}{\376\377\000F\000u\000\337\000z\000e\000i\000l\000e}{section.4.1}% 53
\BOOKMARK [1][-]{section.4.2}{\376\377\000W\000a\000r\000e\000n\000k\000o\000r\000b\000-\000D\000e\000t\000a\000i\000l\000s}{chapter.4}% 54
\BOOKMARK [1][-]{section.4.3}{\376\377\000C\000h\000e\000c\000k\000o\000u\000t\000-\000S\000e\000i\000t\000e}{chapter.4}% 55
\BOOKMARK [1][-]{section.4.4}{\376\377\000L\000o\000g\000i\000n}{chapter.4}% 56
\BOOKMARK [2][-]{subsection.4.4.1}{\376\377\000A\000u\000f\000t\000r\000a\000g\000s\000v\000e\000r\000l\000a\000u\000f}{section.4.4}% 57
\BOOKMARK [2][-]{subsection.4.4.2}{\376\377\000M\000i\000t\000g\000l\000i\000e\000d\000e\000r\000s\000e\000i\000t\000e}{section.4.4}% 58
\BOOKMARK [0][-]{chapter.5}{\376\377\000Z\000u\000s\000a\000m\000m\000e\000n\000f\000a\000s\000s\000u\000n\000g\000\040\000u\000n\000d\000\040\000A\000u\000s\000b\000l\000i\000c\000k}{}% 59
\BOOKMARK [0][-]{chapter*.16}{\376\377\000L\000i\000t\000e\000r\000a\000t\000u\000r\000v\000e\000r\000z\000e\000i\000c\000h\000n\000i\000s}{}% 60
\BOOKMARK [0][-]{appendix.A}{\376\377\000A\000b\000k\000\374\000r\000z\000u\000n\000g\000s\000v\000e\000r\000z\000e\000i\000c\000h\000n\000i\000s}{}% 61
\BOOKMARK [0][-]{appendix.B}{\376\377\000S\000e\000l\000b\000s\000t\000s\000t\000\344\000n\000d\000i\000g\000k\000e\000i\000t\000s\000e\000r\000k\000l\000\344\000r\000u\000n\000g}{}% 62
